<?xml version="1.0" encoding="UTF-8"?>
<!-- Generated by org.testng.reporters.JUnitXMLReporter -->
<testsuite hostname="LAPTOP-DRQ9S1MN" ignored="0" name="Content" tests="6" failures="0" timestamp="23 Jun 2020 16:43:11 GMT" time="9.414" errors="0">
  <testcase name="teststatuscode" time="3.837" classname="com.Testcases"/>
  <testcase name="movieReleaseDateCheck" time="0.407" classname="com.Testcases"/>
  <testcase name="moviePosterUrljpgFormat" time="0.312" classname="com.Testcases"/>
  <testcase name="paytmMovieCodeUnique" time="0.33" classname="com.Testcases"/>
  <testcase name="languageFormat" time="3.322" classname="com.Testcases"/>
  <testcase name="isContentAvailable" time="1.148" classname="com.Testcases"/>
</testsuite> <!-- Content -->
