<?xml version="1.0" encoding="UTF-8"?>
<!-- Generated by org.testng.reporters.JUnitXMLReporter -->
<testsuite hostname="LAPTOP-DRQ9S1MN" ignored="0" name="Content" tests="6" failures="0" timestamp="22 Jun 2020 06:14:55 GMT" time="49.504" errors="0">
  <testcase name="teststatuscode" time="46.724" classname="com.Testcases"/>
  <testcase name="movieReleaseDateCheck" time="0.384" classname="com.Testcases"/>
  <testcase name="moviePosterUrljpgFormat" time="0.312" classname="com.Testcases"/>
  <testcase name="paytmMovieCodeUnique" time="0.316" classname="com.Testcases"/>
  <testcase name="languageFormat" time="0.317" classname="com.Testcases"/>
  <testcase name="isContentAvailable" time="1.416" classname="com.Testcases"/>
</testsuite> <!-- Content -->
