<?xml version="1.0" encoding="UTF-8"?>
<!-- Generated by org.testng.reporters.JUnitXMLReporter -->
<testsuite hostname="LAPTOP-DRQ9S1MN" ignored="0" name="Default test" tests="6" failures="0" timestamp="23 Jun 2020 16:45:38 GMT" time="7.03" errors="0">
  <testcase name="teststatuscode" time="3.843" classname="com.Testcases"/>
  <testcase name="movieReleaseDateCheck" time="0.407" classname="com.Testcases"/>
  <testcase name="moviePosterUrljpgFormat" time="0.576" classname="com.Testcases"/>
  <testcase name="paytmMovieCodeUnique" time="0.312" classname="com.Testcases"/>
  <testcase name="languageFormat" time="0.304" classname="com.Testcases"/>
  <testcase name="isContentAvailable" time="1.502" classname="com.Testcases"/>
</testsuite> <!-- Default test -->
