<?xml version="1.0" encoding="UTF-8"?>
<testng-results skipped="0" failed="0" ignored="0" total="6" passed="6">
  <reporter-output>
  </reporter-output>
  <suite name="Default suite" duration-ms="7030" started-at="2020-06-23T16:45:31Z" finished-at="2020-06-23T16:45:38Z">
    <groups>
    </groups>
    <test name="Default test" duration-ms="7030" started-at="2020-06-23T16:45:31Z" finished-at="2020-06-23T16:45:38Z">
      <class name="com.Testcases">
        <test-method status="PASS" signature="teststatuscode()[pri:0, instance:com.Testcases@3532ec19]" name="teststatuscode" duration-ms="3843" started-at="2020-06-23T22:15:31Z" finished-at="2020-06-23T22:15:35Z">
          <reporter-output>
          </reporter-output>
        </test-method> <!-- teststatuscode -->
        <test-method status="PASS" signature="movieReleaseDateCheck()[pri:1, instance:com.Testcases@3532ec19]" name="movieReleaseDateCheck" duration-ms="407" started-at="2020-06-23T22:15:35Z" finished-at="2020-06-23T22:15:35Z">
          <reporter-output>
          </reporter-output>
        </test-method> <!-- movieReleaseDateCheck -->
        <test-method status="PASS" signature="moviePosterUrljpgFormat()[pri:2, instance:com.Testcases@3532ec19]" name="moviePosterUrljpgFormat" duration-ms="576" started-at="2020-06-23T22:15:35Z" finished-at="2020-06-23T22:15:36Z">
          <reporter-output>
          </reporter-output>
        </test-method> <!-- moviePosterUrljpgFormat -->
        <test-method status="PASS" signature="paytmMovieCodeUnique()[pri:3, instance:com.Testcases@3532ec19]" name="paytmMovieCodeUnique" duration-ms="312" started-at="2020-06-23T22:15:36Z" finished-at="2020-06-23T22:15:36Z">
          <reporter-output>
          </reporter-output>
        </test-method> <!-- paytmMovieCodeUnique -->
        <test-method status="PASS" signature="languageFormat()[pri:4, instance:com.Testcases@3532ec19]" name="languageFormat" duration-ms="304" started-at="2020-06-23T22:15:36Z" finished-at="2020-06-23T22:15:37Z">
          <reporter-output>
          </reporter-output>
        </test-method> <!-- languageFormat -->
        <test-method status="PASS" signature="isContentAvailable()[pri:5, instance:com.Testcases@3532ec19]" name="isContentAvailable" duration-ms="1502" started-at="2020-06-23T22:15:37Z" finished-at="2020-06-23T22:15:38Z">
          <reporter-output>
          </reporter-output>
        </test-method> <!-- isContentAvailable -->
      </class> <!-- com.Testcases -->
    </test> <!-- Default test -->
  </suite> <!-- Default suite -->
</testng-results>
